0 info it worked if it ends with ok
1 verbose cli [ 'node', '/usr/local/bin/npm', 'install', 'express-validator' ]
2 info using npm@1.4.21
3 info using node@v0.10.30
4 warn package.json MEAN@0.0.11 No description
5 warn package.json MEAN@0.0.11 No repository field.
6 warn package.json MEAN@0.0.11 No README data
7 warn package.json recaptcha@1.2.0 No repository field.
8 verbose readDependencies using package.json deps
9 verbose cache add [ 'express-validator@3.19.0', null ]
10 verbose cache add name=undefined spec="express-validator@3.19.0" args=["express-validator@3.19.0",null]
11 verbose parsed url { protocol: null,
11 verbose parsed url   slashes: null,
11 verbose parsed url   auth: null,
11 verbose parsed url   host: null,
11 verbose parsed url   port: null,
11 verbose parsed url   hostname: null,
11 verbose parsed url   hash: null,
11 verbose parsed url   search: null,
11 verbose parsed url   query: null,
11 verbose parsed url   pathname: 'express-validator@3.19.0',
11 verbose parsed url   path: 'express-validator@3.19.0',
11 verbose parsed url   href: 'express-validator@3.19.0' }
12 verbose cache add name="express-validator" spec="3.19.0" args=["express-validator","3.19.0"]
13 verbose parsed url { protocol: null,
13 verbose parsed url   slashes: null,
13 verbose parsed url   auth: null,
13 verbose parsed url   host: null,
13 verbose parsed url   port: null,
13 verbose parsed url   hostname: null,
13 verbose parsed url   hash: null,
13 verbose parsed url   search: null,
13 verbose parsed url   query: null,
13 verbose parsed url   pathname: '3.19.0',
13 verbose parsed url   path: '3.19.0',
13 verbose parsed url   href: '3.19.0' }
14 verbose addNamed [ 'express-validator', '3.19.0' ]
15 verbose addNamed [ '3.19.0', '3.19.0' ]
16 silly lockFile f68372d5-express-validator-3-19-0 express-validator@3.19.0
17 verbose lock express-validator@3.19.0 /Users/walterbelleville/.npm/f68372d5-express-validator-3-19-0.lock
18 verbose request where is /express-validator
19 verbose request registry https://registry.npmjs.org/
20 verbose request id 30f2f026119414f8
21 verbose url raw /express-validator
22 verbose url resolving [ 'https://registry.npmjs.org/', './express-validator' ]
23 verbose url resolved https://registry.npmjs.org/express-validator
24 verbose request where is https://registry.npmjs.org/express-validator
25 info trying registry request attempt 1 at 19:11:08
26 verbose etag "6FF8O59IFQL1HN29T1UJ6KE13"
27 http GET https://registry.npmjs.org/express-validator
28 http 304 https://registry.npmjs.org/express-validator
29 silly registry.get cb [ 304,
29 silly registry.get   { date: 'Fri, 02 Jan 2015 03:11:09 GMT',
29 silly registry.get     server: 'Apache',
29 silly registry.get     via: '1.1 varnish',
29 silly registry.get     'last-modified': 'Fri, 02 Jan 2015 03:11:09 GMT',
29 silly registry.get     'cache-control': 'max-age=60',
29 silly registry.get     etag: '"6FF8O59IFQL1HN29T1UJ6KE13"',
29 silly registry.get     age: '0',
29 silly registry.get     'x-served-by': 'cache-sjc3128-SJC',
29 silly registry.get     'x-cache': 'HIT',
29 silly registry.get     'x-cache-hits': '1',
29 silly registry.get     'x-timer': 'S1420168269.470466,VS0,VE349',
29 silly registry.get     vary: 'Accept',
29 silly registry.get     'content-length': '0',
29 silly registry.get     'keep-alive': 'timeout=10, max=50',
29 silly registry.get     connection: 'Keep-Alive' } ]
30 verbose etag https://registry.npmjs.org/express-validator from cache
31 silly lockFile f68372d5-express-validator-3-19-0 express-validator@3.19.0
32 silly lockFile f68372d5-express-validator-3-19-0 express-validator@3.19.0
33 error Error: version not found: express-validator@3.19.0
33 error     at /usr/local/lib/node_modules/npm/lib/cache/add-named.js:125:12
33 error     at saved (/usr/local/lib/node_modules/npm/node_modules/npm-registry-client/lib/get.js:167:7)
33 error     at Object.oncomplete (fs.js:107:15)
34 error If you need help, you may report this *entire* log,
34 error including the npm and node versions, at:
34 error     <http://github.com/npm/npm/issues>
35 error System Darwin 12.5.0
36 error command "node" "/usr/local/bin/npm" "install" "express-validator"
37 error cwd /Users/walterbelleville/code/projects/walterbelleville.com
38 error node -v v0.10.30
39 error npm -v 1.4.21
40 verbose exit [ 1, true ]
